[21-Oct-2025 22:18:17 UTC] PHP Warning:  require_once(../wp-load.php): Failed to open stream: No such file or directory in C:\Users\ssnguna\Local Sites\ath\app\public\diagnose-tutorial.php on line 45
[21-Oct-2025 22:18:17 UTC] PHP Fatal error:  Uncaught Error: Failed opening required '../wp-load.php' (include_path='.:/usr/share/php:/www/wp-content/pear') in C:\Users\ssnguna\Local Sites\ath\app\public\diagnose-tutorial.php:45
Stack trace:
#0 {main}
  thrown in C:\Users\ssnguna\Local Sites\ath\app\public\diagnose-tutorial.php on line 45
[27-Oct-2025 19:30:45 UTC] PHP Warning:  Undefined array key "SERVER_NAME" in C:\Users\ssnguna\Local Sites\ath\app\public\wp-content\plugins\wp-cassify\classes\wp_cassify_utils.php on line 98
[27-Oct-2025 19:30:45 UTC] PHP Warning:  Undefined array key "SERVER_PORT" in C:\Users\ssnguna\Local Sites\ath\app\public\wp-content\plugins\wp-cassify\classes\wp_cassify_utils.php on line 101
[27-Oct-2025 19:30:45 UTC] PHP Warning:  Undefined array key "SERVER_PORT" in C:\Users\ssnguna\Local Sites\ath\app\public\wp-content\plugins\wp-cassify\classes\wp_cassify_utils.php on line 102
[27-Oct-2025 19:30:45 UTC] PHP Warning:  Undefined array key "SERVER_PORT" in C:\Users\ssnguna\Local Sites\ath\app\public\wp-content\plugins\wp-cassify\classes\wp_cassify_utils.php on line 105
[27-Oct-2025 19:30:45 UTC] PHP Warning:  Undefined array key "SERVER_NAME" in C:\Users\ssnguna\Local Sites\ath\app\public\wp-content\plugins\wp-cassify\classes\wp_cassify_utils.php on line 98
[27-Oct-2025 19:30:45 UTC] PHP Warning:  Undefined array key "SERVER_PORT" in C:\Users\ssnguna\Local Sites\ath\app\public\wp-content\plugins\wp-cassify\classes\wp_cassify_utils.php on line 101
[27-Oct-2025 19:30:45 UTC] PHP Warning:  Undefined array key "SERVER_PORT" in C:\Users\ssnguna\Local Sites\ath\app\public\wp-content\plugins\wp-cassify\classes\wp_cassify_utils.php on line 102
[27-Oct-2025 19:30:45 UTC] PHP Warning:  Undefined array key "SERVER_PORT" in C:\Users\ssnguna\Local Sites\ath\app\public\wp-content\plugins\wp-cassify\classes\wp_cassify_utils.php on line 105
[27-Oct-2025 19:30:45 UTC] PHP Warning:  Undefined array key "SERVER_NAME" in C:\Users\ssnguna\Local Sites\ath\app\public\wp-content\plugins\wp-cassify\classes\wp_cassify_utils.php on line 98
[27-Oct-2025 19:30:45 UTC] PHP Warning:  Undefined array key "SERVER_PORT" in C:\Users\ssnguna\Local Sites\ath\app\public\wp-content\plugins\wp-cassify\classes\wp_cassify_utils.php on line 101
[27-Oct-2025 19:30:45 UTC] PHP Warning:  Undefined array key "SERVER_PORT" in C:\Users\ssnguna\Local Sites\ath\app\public\wp-content\plugins\wp-cassify\classes\wp_cassify_utils.php on line 102
[27-Oct-2025 19:30:45 UTC] PHP Warning:  Undefined array key "SERVER_PORT" in C:\Users\ssnguna\Local Sites\ath\app\public\wp-content\plugins\wp-cassify\classes\wp_cassify_utils.php on line 105
[27-Oct-2025 19:31:10 UTC] PHP Warning:  Undefined array key "SERVER_NAME" in C:\Users\ssnguna\Local Sites\ath\app\public\wp-content\plugins\wp-cassify\classes\wp_cassify_utils.php on line 98
[27-Oct-2025 19:31:10 UTC] PHP Warning:  Undefined array key "SERVER_PORT" in C:\Users\ssnguna\Local Sites\ath\app\public\wp-content\plugins\wp-cassify\classes\wp_cassify_utils.php on line 101
[27-Oct-2025 19:31:10 UTC] PHP Warning:  Undefined array key "SERVER_PORT" in C:\Users\ssnguna\Local Sites\ath\app\public\wp-content\plugins\wp-cassify\classes\wp_cassify_utils.php on line 102
[27-Oct-2025 19:31:10 UTC] PHP Warning:  Undefined array key "SERVER_PORT" in C:\Users\ssnguna\Local Sites\ath\app\public\wp-content\plugins\wp-cassify\classes\wp_cassify_utils.php on line 105
[27-Oct-2025 19:31:10 UTC] PHP Warning:  Undefined array key "SERVER_NAME" in C:\Users\ssnguna\Local Sites\ath\app\public\wp-content\plugins\wp-cassify\classes\wp_cassify_utils.php on line 98
[27-Oct-2025 19:31:10 UTC] PHP Warning:  Undefined array key "SERVER_PORT" in C:\Users\ssnguna\Local Sites\ath\app\public\wp-content\plugins\wp-cassify\classes\wp_cassify_utils.php on line 101
[27-Oct-2025 19:31:10 UTC] PHP Warning:  Undefined array key "SERVER_PORT" in C:\Users\ssnguna\Local Sites\ath\app\public\wp-content\plugins\wp-cassify\classes\wp_cassify_utils.php on line 102
[27-Oct-2025 19:31:10 UTC] PHP Warning:  Undefined array key "SERVER_PORT" in C:\Users\ssnguna\Local Sites\ath\app\public\wp-content\plugins\wp-cassify\classes\wp_cassify_utils.php on line 105
[27-Oct-2025 19:31:10 UTC] PHP Warning:  Undefined array key "SERVER_NAME" in C:\Users\ssnguna\Local Sites\ath\app\public\wp-content\plugins\wp-cassify\classes\wp_cassify_utils.php on line 98
[27-Oct-2025 19:31:10 UTC] PHP Warning:  Undefined array key "SERVER_PORT" in C:\Users\ssnguna\Local Sites\ath\app\public\wp-content\plugins\wp-cassify\classes\wp_cassify_utils.php on line 101
[27-Oct-2025 19:31:10 UTC] PHP Warning:  Undefined array key "SERVER_PORT" in C:\Users\ssnguna\Local Sites\ath\app\public\wp-content\plugins\wp-cassify\classes\wp_cassify_utils.php on line 102
[27-Oct-2025 19:31:10 UTC] PHP Warning:  Undefined array key "SERVER_PORT" in C:\Users\ssnguna\Local Sites\ath\app\public\wp-content\plugins\wp-cassify\classes\wp_cassify_utils.php on line 105
[20-Nov-2025 18:30:45 UTC] PHP Fatal error:  Uncaught Error: Call to undefined function add_filter() in C:\Users\ssnguna\Local Sites\ath\app\public\wp-config.php:53
Stack trace:
#0 C:\Users\ssnguna\Local Sites\ath\app\public\wp-load.php(50): require_once()
#1 C:\Users\ssnguna\Local Sites\ath\app\public\wp-blog-header.php(13): require_once('C:\\Users\\ssngun...')
#2 C:\Users\ssnguna\Local Sites\ath\app\public\index.php(17): require('C:\\Users\\ssngun...')
#3 {main}
  thrown in C:\Users\ssnguna\Local Sites\ath\app\public\wp-config.php on line 53
[20-Nov-2025 18:30:55 UTC] PHP Fatal error:  Uncaught Error: Call to undefined function add_filter() in C:\Users\ssnguna\Local Sites\ath\app\public\wp-config.php:53
Stack trace:
#0 C:\Users\ssnguna\Local Sites\ath\app\public\wp-load.php(50): require_once()
#1 C:\Users\ssnguna\Local Sites\ath\app\public\wp-admin\admin.php(35): require_once('C:\\Users\\ssngun...')
#2 {main}
  thrown in C:\Users\ssnguna\Local Sites\ath\app\public\wp-config.php on line 53
[20-Nov-2025 18:30:57 UTC] PHP Fatal error:  Uncaught Error: Call to undefined function add_filter() in C:\Users\ssnguna\Local Sites\ath\app\public\wp-config.php:53
Stack trace:
#0 C:\Users\ssnguna\Local Sites\ath\app\public\wp-load.php(50): require_once()
#1 C:\Users\ssnguna\Local Sites\ath\app\public\wp-admin\admin.php(35): require_once('C:\\Users\\ssngun...')
#2 C:\Users\ssnguna\Local Sites\ath\app\public\wp-admin\edit.php(10): require_once('C:\\Users\\ssngun...')
#3 {main}
  thrown in C:\Users\ssnguna\Local Sites\ath\app\public\wp-config.php on line 53
[20-Nov-2025 18:30:58 UTC] PHP Fatal error:  Uncaught Error: Call to undefined function add_filter() in C:\Users\ssnguna\Local Sites\ath\app\public\wp-config.php:53
Stack trace:
#0 C:\Users\ssnguna\Local Sites\ath\app\public\wp-load.php(50): require_once()
#1 C:\Users\ssnguna\Local Sites\ath\app\public\wp-admin\admin.php(35): require_once('C:\\Users\\ssngun...')
#2 {main}
  thrown in C:\Users\ssnguna\Local Sites\ath\app\public\wp-config.php on line 53
[20-Nov-2025 18:30:59 UTC] PHP Fatal error:  Uncaught Error: Call to undefined function add_filter() in C:\Users\ssnguna\Local Sites\ath\app\public\wp-config.php:53
Stack trace:
#0 C:\Users\ssnguna\Local Sites\ath\app\public\wp-load.php(50): require_once()
#1 C:\Users\ssnguna\Local Sites\ath\app\public\wp-admin\admin.php(35): require_once('C:\\Users\\ssngun...')
#2 {main}
  thrown in C:\Users\ssnguna\Local Sites\ath\app\public\wp-config.php on line 53
[20-Nov-2025 18:30:59 UTC] PHP Fatal error:  Uncaught Error: Call to undefined function add_filter() in C:\Users\ssnguna\Local Sites\ath\app\public\wp-config.php:53
Stack trace:
#0 C:\Users\ssnguna\Local Sites\ath\app\public\wp-load.php(50): require_once()
#1 C:\Users\ssnguna\Local Sites\ath\app\public\wp-admin\admin.php(35): require_once('C:\\Users\\ssngun...')
#2 C:\Users\ssnguna\Local Sites\ath\app\public\wp-admin\edit.php(10): require_once('C:\\Users\\ssngun...')
#3 {main}
  thrown in C:\Users\ssnguna\Local Sites\ath\app\public\wp-config.php on line 53
[20-Nov-2025 18:31:00 UTC] PHP Fatal error:  Uncaught Error: Call to undefined function add_filter() in C:\Users\ssnguna\Local Sites\ath\app\public\wp-config.php:53
Stack trace:
#0 C:\Users\ssnguna\Local Sites\ath\app\public\wp-load.php(50): require_once()
#1 C:\Users\ssnguna\Local Sites\ath\app\public\wp-admin\admin.php(35): require_once('C:\\Users\\ssngun...')
#2 C:\Users\ssnguna\Local Sites\ath\app\public\wp-admin\post.php(12): require_once('C:\\Users\\ssngun...')
#3 {main}
  thrown in C:\Users\ssnguna\Local Sites\ath\app\public\wp-config.php on line 53
[20-Nov-2025 18:31:01 UTC] PHP Fatal error:  Uncaught Error: Call to undefined function add_filter() in C:\Users\ssnguna\Local Sites\ath\app\public\wp-config.php:53
Stack trace:
#0 C:\Users\ssnguna\Local Sites\ath\app\public\wp-load.php(50): require_once()
#1 C:\Users\ssnguna\Local Sites\ath\app\public\wp-admin\admin.php(35): require_once('C:\\Users\\ssngun...')
#2 C:\Users\ssnguna\Local Sites\ath\app\public\wp-admin\post-new.php(10): require_once('C:\\Users\\ssngun...')
#3 {main}
  thrown in C:\Users\ssnguna\Local Sites\ath\app\public\wp-config.php on line 53
[20-Nov-2025 18:31:02 UTC] PHP Fatal error:  Uncaught Error: Call to undefined function add_filter() in C:\Users\ssnguna\Local Sites\ath\app\public\wp-config.php:53
Stack trace:
#0 C:\Users\ssnguna\Local Sites\ath\app\public\wp-load.php(50): require_once()
#1 C:\Users\ssnguna\Local Sites\ath\app\public\wp-admin\admin.php(35): require_once('C:\\Users\\ssngun...')
#2 {main}
  thrown in C:\Users\ssnguna\Local Sites\ath\app\public\wp-config.php on line 53
[20-Nov-2025 18:31:02 UTC] PHP Fatal error:  Uncaught Error: Call to undefined function add_filter() in C:\Users\ssnguna\Local Sites\ath\app\public\wp-config.php:53
Stack trace:
#0 C:\Users\ssnguna\Local Sites\ath\app\public\wp-load.php(50): require_once()
#1 C:\Users\ssnguna\Local Sites\ath\app\public\wp-admin\admin.php(35): require_once('C:\\Users\\ssngun...')
#2 {main}
  thrown in C:\Users\ssnguna\Local Sites\ath\app\public\wp-config.php on line 53
[20-Nov-2025 18:31:03 UTC] PHP Fatal error:  Uncaught Error: Call to undefined function add_filter() in C:\Users\ssnguna\Local Sites\ath\app\public\wp-config.php:53
Stack trace:
#0 C:\Users\ssnguna\Local Sites\ath\app\public\wp-load.php(50): require_once()
#1 C:\Users\ssnguna\Local Sites\ath\app\public\wp-admin\admin.php(35): require_once('C:\\Users\\ssngun...')
#2 {main}
  thrown in C:\Users\ssnguna\Local Sites\ath\app\public\wp-config.php on line 53
[20-Nov-2025 18:31:03 UTC] PHP Fatal error:  Uncaught Error: Call to undefined function add_filter() in C:\Users\ssnguna\Local Sites\ath\app\public\wp-config.php:53
Stack trace:
#0 C:\Users\ssnguna\Local Sites\ath\app\public\wp-load.php(50): require_once()
#1 C:\Users\ssnguna\Local Sites\ath\app\public\wp-admin\admin.php(35): require_once('C:\\Users\\ssngun...')
#2 {main}
  thrown in C:\Users\ssnguna\Local Sites\ath\app\public\wp-config.php on line 53
[20-Nov-2025 18:31:03 UTC] PHP Fatal error:  Uncaught Error: Call to undefined function add_filter() in C:\Users\ssnguna\Local Sites\ath\app\public\wp-config.php:53
Stack trace:
#0 C:\Users\ssnguna\Local Sites\ath\app\public\wp-load.php(50): require_once()
#1 C:\Users\ssnguna\Local Sites\ath\app\public\wp-admin\admin.php(35): require_once('C:\\Users\\ssngun...')
#2 {main}
  thrown in C:\Users\ssnguna\Local Sites\ath\app\public\wp-config.php on line 53
[20-Nov-2025 18:31:09 UTC] PHP Fatal error:  Uncaught Error: Call to undefined function add_filter() in C:\Users\ssnguna\Local Sites\ath\app\public\wp-config.php:53
Stack trace:
#0 C:\Users\ssnguna\Local Sites\ath\app\public\wp-load.php(50): require_once()
#1 C:\Users\ssnguna\Local Sites\ath\app\public\wp-admin\admin-ajax.php(22): require_once('C:\\Users\\ssngun...')
#2 {main}
  thrown in C:\Users\ssnguna\Local Sites\ath\app\public\wp-config.php on line 53
[20-Nov-2025 18:31:12 UTC] PHP Fatal error:  Uncaught Error: Call to undefined function add_filter() in C:\Users\ssnguna\Local Sites\ath\app\public\wp-config.php:53
Stack trace:
#0 C:\Users\ssnguna\Local Sites\ath\app\public\wp-load.php(50): require_once()
#1 C:\Users\ssnguna\Local Sites\ath\app\public\wp-admin\admin.php(35): require_once('C:\\Users\\ssngun...')
#2 {main}
  thrown in C:\Users\ssnguna\Local Sites\ath\app\public\wp-config.php on line 53
[20-Nov-2025 18:31:12 UTC] PHP Fatal error:  Uncaught Error: Call to undefined function add_filter() in C:\Users\ssnguna\Local Sites\ath\app\public\wp-config.php:53
Stack trace:
#0 C:\Users\ssnguna\Local Sites\ath\app\public\wp-load.php(50): require_once()
#1 C:\Users\ssnguna\Local Sites\ath\app\public\wp-blog-header.php(13): require_once('C:\\Users\\ssngun...')
#2 C:\Users\ssnguna\Local Sites\ath\app\public\index.php(17): require('C:\\Users\\ssngun...')
#3 {main}
  thrown in C:\Users\ssnguna\Local Sites\ath\app\public\wp-config.php on line 53
[20-Nov-2025 18:31:24 UTC] PHP Fatal error:  Uncaught Error: Call to undefined function add_filter() in C:\Users\ssnguna\Local Sites\ath\app\public\wp-config.php:53
Stack trace:
#0 C:\Users\ssnguna\Local Sites\ath\app\public\wp-load.php(50): require_once()
#1 C:\Users\ssnguna\Local Sites\ath\app\public\wp-admin\admin-ajax.php(22): require_once('C:\\Users\\ssngun...')
#2 {main}
  thrown in C:\Users\ssnguna\Local Sites\ath\app\public\wp-config.php on line 53
[20-Nov-2025 18:31:37 UTC] PHP Fatal error:  Uncaught Error: Call to undefined function add_filter() in C:\Users\ssnguna\Local Sites\ath\app\public\wp-config.php:53
Stack trace:
#0 C:\Users\ssnguna\Local Sites\ath\app\public\wp-load.php(50): require_once()
#1 C:\Users\ssnguna\Local Sites\ath\app\public\wp-admin\admin.php(35): require_once('C:\\Users\\ssngun...')
#2 {main}
  thrown in C:\Users\ssnguna\Local Sites\ath\app\public\wp-config.php on line 53
[20-Nov-2025 18:31:37 UTC] PHP Fatal error:  Uncaught Error: Call to undefined function add_filter() in C:\Users\ssnguna\Local Sites\ath\app\public\wp-config.php:53
Stack trace:
#0 C:\Users\ssnguna\Local Sites\ath\app\public\wp-load.php(50): require_once()
#1 C:\Users\ssnguna\Local Sites\ath\app\public\wp-blog-header.php(13): require_once('C:\\Users\\ssngun...')
#2 C:\Users\ssnguna\Local Sites\ath\app\public\index.php(17): require('C:\\Users\\ssngun...')
#3 {main}
  thrown in C:\Users\ssnguna\Local Sites\ath\app\public\wp-config.php on line 53
[20-Nov-2025 18:31:37 UTC] PHP Fatal error:  Uncaught Error: Call to undefined function add_filter() in C:\Users\ssnguna\Local Sites\ath\app\public\wp-config.php:53
Stack trace:
#0 C:\Users\ssnguna\Local Sites\ath\app\public\wp-load.php(50): require_once()
#1 C:\Users\ssnguna\Local Sites\ath\app\public\wp-admin\admin.php(35): require_once('C:\\Users\\ssngun...')
#2 {main}
  thrown in C:\Users\ssnguna\Local Sites\ath\app\public\wp-config.php on line 53
[20-Nov-2025 18:31:37 UTC] PHP Fatal error:  Uncaught Error: Call to undefined function add_filter() in C:\Users\ssnguna\Local Sites\ath\app\public\wp-config.php:53
Stack trace:
#0 C:\Users\ssnguna\Local Sites\ath\app\public\wp-load.php(50): require_once()
#1 C:\Users\ssnguna\Local Sites\ath\app\public\wp-blog-header.php(13): require_once('C:\\Users\\ssngun...')
#2 C:\Users\ssnguna\Local Sites\ath\app\public\index.php(17): require('C:\\Users\\ssngun...')
#3 {main}
  thrown in C:\Users\ssnguna\Local Sites\ath\app\public\wp-config.php on line 53
[20-Nov-2025 18:31:37 UTC] PHP Fatal error:  Uncaught Error: Call to undefined function add_filter() in C:\Users\ssnguna\Local Sites\ath\app\public\wp-config.php:53
Stack trace:
#0 C:\Users\ssnguna\Local Sites\ath\app\public\wp-load.php(50): require_once()
#1 C:\Users\ssnguna\Local Sites\ath\app\public\wp-admin\admin.php(35): require_once('C:\\Users\\ssngun...')
#2 {main}
  thrown in C:\Users\ssnguna\Local Sites\ath\app\public\wp-config.php on line 53
[20-Nov-2025 18:31:38 UTC] PHP Fatal error:  Uncaught Error: Call to undefined function add_filter() in C:\Users\ssnguna\Local Sites\ath\app\public\wp-config.php:53
Stack trace:
#0 C:\Users\ssnguna\Local Sites\ath\app\public\wp-load.php(50): require_once()
#1 C:\Users\ssnguna\Local Sites\ath\app\public\wp-blog-header.php(13): require_once('C:\\Users\\ssngun...')
#2 C:\Users\ssnguna\Local Sites\ath\app\public\index.php(17): require('C:\\Users\\ssngun...')
#3 {main}
  thrown in C:\Users\ssnguna\Local Sites\ath\app\public\wp-config.php on line 53
[20-Nov-2025 18:31:42 UTC] PHP Fatal error:  Uncaught Error: Call to undefined function add_filter() in C:\Users\ssnguna\Local Sites\ath\app\public\wp-config.php:53
Stack trace:
#0 C:\Users\ssnguna\Local Sites\ath\app\public\wp-load.php(50): require_once()
#1 C:\Users\ssnguna\Local Sites\ath\app\public\wp-admin\admin.php(35): require_once('C:\\Users\\ssngun...')
#2 {main}
  thrown in C:\Users\ssnguna\Local Sites\ath\app\public\wp-config.php on line 53
[20-Nov-2025 18:31:42 UTC] PHP Fatal error:  Uncaught Error: Call to undefined function add_filter() in C:\Users\ssnguna\Local Sites\ath\app\public\wp-config.php:53
Stack trace:
#0 C:\Users\ssnguna\Local Sites\ath\app\public\wp-load.php(50): require_once()
#1 C:\Users\ssnguna\Local Sites\ath\app\public\wp-blog-header.php(13): require_once('C:\\Users\\ssngun...')
#2 C:\Users\ssnguna\Local Sites\ath\app\public\index.php(17): require('C:\\Users\\ssngun...')
#3 {main}
  thrown in C:\Users\ssnguna\Local Sites\ath\app\public\wp-config.php on line 53
[20-Nov-2025 18:31:42 UTC] PHP Fatal error:  Uncaught Error: Call to undefined function add_filter() in C:\Users\ssnguna\Local Sites\ath\app\public\wp-config.php:53
Stack trace:
#0 C:\Users\ssnguna\Local Sites\ath\app\public\wp-load.php(50): require_once()
#1 C:\Users\ssnguna\Local Sites\ath\app\public\wp-blog-header.php(13): require_once('C:\\Users\\ssngun...')
#2 C:\Users\ssnguna\Local Sites\ath\app\public\index.php(17): require('C:\\Users\\ssngun...')
#3 {main}
  thrown in C:\Users\ssnguna\Local Sites\ath\app\public\wp-config.php on line 53
[20-Nov-2025 18:31:43 UTC] PHP Fatal error:  Uncaught Error: Call to undefined function add_filter() in C:\Users\ssnguna\Local Sites\ath\app\public\wp-config.php:53
Stack trace:
#0 C:\Users\ssnguna\Local Sites\ath\app\public\wp-load.php(50): require_once()
#1 C:\Users\ssnguna\Local Sites\ath\app\public\wp-blog-header.php(13): require_once('C:\\Users\\ssngun...')
#2 C:\Users\ssnguna\Local Sites\ath\app\public\index.php(17): require('C:\\Users\\ssngun...')
#3 {main}
  thrown in C:\Users\ssnguna\Local Sites\ath\app\public\wp-config.php on line 53
[20-Nov-2025 18:31:43 UTC] PHP Fatal error:  Uncaught Error: Call to undefined function add_filter() in C:\Users\ssnguna\Local Sites\ath\app\public\wp-config.php:53
Stack trace:
#0 C:\Users\ssnguna\Local Sites\ath\app\public\wp-load.php(50): require_once()
#1 C:\Users\ssnguna\Local Sites\ath\app\public\wp-blog-header.php(13): require_once('C:\\Users\\ssngun...')
#2 C:\Users\ssnguna\Local Sites\ath\app\public\index.php(17): require('C:\\Users\\ssngun...')
#3 {main}
  thrown in C:\Users\ssnguna\Local Sites\ath\app\public\wp-config.php on line 53
[20-Nov-2025 18:31:43 UTC] PHP Fatal error:  Uncaught Error: Call to undefined function add_filter() in C:\Users\ssnguna\Local Sites\ath\app\public\wp-config.php:53
Stack trace:
#0 C:\Users\ssnguna\Local Sites\ath\app\public\wp-load.php(50): require_once()
#1 C:\Users\ssnguna\Local Sites\ath\app\public\wp-admin\admin.php(35): require_once('C:\\Users\\ssngun...')
#2 {main}
  thrown in C:\Users\ssnguna\Local Sites\ath\app\public\wp-config.php on line 53
[20-Nov-2025 18:31:43 UTC] PHP Fatal error:  Uncaught Error: Call to undefined function add_filter() in C:\Users\ssnguna\Local Sites\ath\app\public\wp-config.php:53
Stack trace:
#0 C:\Users\ssnguna\Local Sites\ath\app\public\wp-load.php(50): require_once()
#1 C:\Users\ssnguna\Local Sites\ath\app\public\wp-blog-header.php(13): require_once('C:\\Users\\ssngun...')
#2 C:\Users\ssnguna\Local Sites\ath\app\public\index.php(17): require('C:\\Users\\ssngun...')
#3 {main}
  thrown in C:\Users\ssnguna\Local Sites\ath\app\public\wp-config.php on line 53
[20-Nov-2025 18:31:43 UTC] PHP Fatal error:  Uncaught Error: Call to undefined function add_filter() in C:\Users\ssnguna\Local Sites\ath\app\public\wp-config.php:53
Stack trace:
#0 C:\Users\ssnguna\Local Sites\ath\app\public\wp-load.php(50): require_once()
#1 C:\Users\ssnguna\Local Sites\ath\app\public\wp-admin\admin.php(35): require_once('C:\\Users\\ssngun...')
#2 {main}
  thrown in C:\Users\ssnguna\Local Sites\ath\app\public\wp-config.php on line 53
[20-Nov-2025 18:31:44 UTC] PHP Fatal error:  Uncaught Error: Call to undefined function add_filter() in C:\Users\ssnguna\Local Sites\ath\app\public\wp-config.php:53
Stack trace:
#0 C:\Users\ssnguna\Local Sites\ath\app\public\wp-load.php(50): require_once()
#1 C:\Users\ssnguna\Local Sites\ath\app\public\wp-blog-header.php(13): require_once('C:\\Users\\ssngun...')
#2 C:\Users\ssnguna\Local Sites\ath\app\public\index.php(17): require('C:\\Users\\ssngun...')
#3 {main}
  thrown in C:\Users\ssnguna\Local Sites\ath\app\public\wp-config.php on line 53
[20-Nov-2025 18:31:44 UTC] PHP Fatal error:  Uncaught Error: Call to undefined function add_filter() in C:\Users\ssnguna\Local Sites\ath\app\public\wp-config.php:53
Stack trace:
#0 C:\Users\ssnguna\Local Sites\ath\app\public\wp-load.php(50): require_once()
#1 C:\Users\ssnguna\Local Sites\ath\app\public\wp-admin\admin.php(35): require_once('C:\\Users\\ssngun...')
#2 {main}
  thrown in C:\Users\ssnguna\Local Sites\ath\app\public\wp-config.php on line 53
[20-Nov-2025 18:31:44 UTC] PHP Fatal error:  Uncaught Error: Call to undefined function add_filter() in C:\Users\ssnguna\Local Sites\ath\app\public\wp-config.php:53
Stack trace:
#0 C:\Users\ssnguna\Local Sites\ath\app\public\wp-load.php(50): require_once()
#1 C:\Users\ssnguna\Local Sites\ath\app\public\wp-blog-header.php(13): require_once('C:\\Users\\ssngun...')
#2 C:\Users\ssnguna\Local Sites\ath\app\public\index.php(17): require('C:\\Users\\ssngun...')
#3 {main}
  thrown in C:\Users\ssnguna\Local Sites\ath\app\public\wp-config.php on line 53
[20-Nov-2025 18:31:44 UTC] PHP Fatal error:  Uncaught Error: Call to undefined function add_filter() in C:\Users\ssnguna\Local Sites\ath\app\public\wp-config.php:53
Stack trace:
#0 C:\Users\ssnguna\Local Sites\ath\app\public\wp-load.php(50): require_once()
#1 C:\Users\ssnguna\Local Sites\ath\app\public\wp-blog-header.php(13): require_once('C:\\Users\\ssngun...')
#2 C:\Users\ssnguna\Local Sites\ath\app\public\index.php(17): require('C:\\Users\\ssngun...')
#3 {main}
  thrown in C:\Users\ssnguna\Local Sites\ath\app\public\wp-config.php on line 53
[20-Nov-2025 18:31:44 UTC] PHP Fatal error:  Uncaught Error: Call to undefined function add_filter() in C:\Users\ssnguna\Local Sites\ath\app\public\wp-config.php:53
Stack trace:
#0 C:\Users\ssnguna\Local Sites\ath\app\public\wp-load.php(50): require_once()
#1 C:\Users\ssnguna\Local Sites\ath\app\public\wp-admin\admin.php(35): require_once('C:\\Users\\ssngun...')
#2 C:\Users\ssnguna\Local Sites\ath\app\public\wp-admin\index.php(10): require_once('C:\\Users\\ssngun...')
#3 {main}
  thrown in C:\Users\ssnguna\Local Sites\ath\app\public\wp-config.php on line 53
[20-Nov-2025 18:31:44 UTC] PHP Fatal error:  Uncaught Error: Call to undefined function add_filter() in C:\Users\ssnguna\Local Sites\ath\app\public\wp-config.php:53
Stack trace:
#0 C:\Users\ssnguna\Local Sites\ath\app\public\wp-load.php(50): require_once()
#1 C:\Users\ssnguna\Local Sites\ath\app\public\wp-blog-header.php(13): require_once('C:\\Users\\ssngun...')
#2 C:\Users\ssnguna\Local Sites\ath\app\public\index.php(17): require('C:\\Users\\ssngun...')
#3 {main}
  thrown in C:\Users\ssnguna\Local Sites\ath\app\public\wp-config.php on line 53
[20-Nov-2025 18:31:44 UTC] PHP Fatal error:  Uncaught Error: Call to undefined function add_filter() in C:\Users\ssnguna\Local Sites\ath\app\public\wp-config.php:53
Stack trace:
#0 C:\Users\ssnguna\Local Sites\ath\app\public\wp-load.php(50): require_once()
#1 C:\Users\ssnguna\Local Sites\ath\app\public\wp-admin\admin.php(35): require_once('C:\\Users\\ssngun...')
#2 C:\Users\ssnguna\Local Sites\ath\app\public\wp-admin\index.php(10): require_once('C:\\Users\\ssngun...')
#3 {main}
  thrown in C:\Users\ssnguna\Local Sites\ath\app\public\wp-config.php on line 53
[20-Nov-2025 18:31:44 UTC] PHP Fatal error:  Uncaught Error: Call to undefined function add_filter() in C:\Users\ssnguna\Local Sites\ath\app\public\wp-config.php:53
Stack trace:
#0 C:\Users\ssnguna\Local Sites\ath\app\public\wp-load.php(50): require_once()
#1 C:\Users\ssnguna\Local Sites\ath\app\public\wp-blog-header.php(13): require_once('C:\\Users\\ssngun...')
#2 C:\Users\ssnguna\Local Sites\ath\app\public\index.php(17): require('C:\\Users\\ssngun...')
#3 {main}
  thrown in C:\Users\ssnguna\Local Sites\ath\app\public\wp-config.php on line 53
[20-Nov-2025 18:31:44 UTC] PHP Fatal error:  Uncaught Error: Call to undefined function add_filter() in C:\Users\ssnguna\Local Sites\ath\app\public\wp-config.php:53
Stack trace:
#0 C:\Users\ssnguna\Local Sites\ath\app\public\wp-load.php(50): require_once()
#1 C:\Users\ssnguna\Local Sites\ath\app\public\wp-admin\admin.php(35): require_once('C:\\Users\\ssngun...')
#2 C:\Users\ssnguna\Local Sites\ath\app\public\wp-admin\index.php(10): require_once('C:\\Users\\ssngun...')
#3 {main}
  thrown in C:\Users\ssnguna\Local Sites\ath\app\public\wp-config.php on line 53
[20-Nov-2025 18:31:44 UTC] PHP Fatal error:  Uncaught Error: Call to undefined function add_filter() in C:\Users\ssnguna\Local Sites\ath\app\public\wp-config.php:53
Stack trace:
#0 C:\Users\ssnguna\Local Sites\ath\app\public\wp-load.php(50): require_once()
#1 C:\Users\ssnguna\Local Sites\ath\app\public\wp-blog-header.php(13): require_once('C:\\Users\\ssngun...')
#2 C:\Users\ssnguna\Local Sites\ath\app\public\index.php(17): require('C:\\Users\\ssngun...')
#3 {main}
  thrown in C:\Users\ssnguna\Local Sites\ath\app\public\wp-config.php on line 53
[20-Nov-2025 18:31:45 UTC] PHP Fatal error:  Uncaught Error: Call to undefined function add_filter() in C:\Users\ssnguna\Local Sites\ath\app\public\wp-config.php:53
Stack trace:
#0 C:\Users\ssnguna\Local Sites\ath\app\public\wp-load.php(50): require_once()
#1 C:\Users\ssnguna\Local Sites\ath\app\public\wp-admin\admin.php(35): require_once('C:\\Users\\ssngun...')
#2 C:\Users\ssnguna\Local Sites\ath\app\public\wp-admin\index.php(10): require_once('C:\\Users\\ssngun...')
#3 {main}
  thrown in C:\Users\ssnguna\Local Sites\ath\app\public\wp-config.php on line 53
[20-Nov-2025 18:31:45 UTC] PHP Fatal error:  Uncaught Error: Call to undefined function add_filter() in C:\Users\ssnguna\Local Sites\ath\app\public\wp-config.php:53
Stack trace:
#0 C:\Users\ssnguna\Local Sites\ath\app\public\wp-load.php(50): require_once()
#1 C:\Users\ssnguna\Local Sites\ath\app\public\wp-blog-header.php(13): require_once('C:\\Users\\ssngun...')
#2 C:\Users\ssnguna\Local Sites\ath\app\public\index.php(17): require('C:\\Users\\ssngun...')
#3 {main}
  thrown in C:\Users\ssnguna\Local Sites\ath\app\public\wp-config.php on line 53
[20-Nov-2025 18:31:45 UTC] PHP Fatal error:  Uncaught Error: Call to undefined function add_filter() in C:\Users\ssnguna\Local Sites\ath\app\public\wp-config.php:53
Stack trace:
#0 C:\Users\ssnguna\Local Sites\ath\app\public\wp-load.php(50): require_once()
#1 C:\Users\ssnguna\Local Sites\ath\app\public\wp-blog-header.php(13): require_once('C:\\Users\\ssngun...')
#2 C:\Users\ssnguna\Local Sites\ath\app\public\index.php(17): require('C:\\Users\\ssngun...')
#3 {main}
  thrown in C:\Users\ssnguna\Local Sites\ath\app\public\wp-config.php on line 53
[20-Nov-2025 18:31:45 UTC] PHP Fatal error:  Uncaught Error: Call to undefined function add_filter() in C:\Users\ssnguna\Local Sites\ath\app\public\wp-config.php:53
Stack trace:
#0 C:\Users\ssnguna\Local Sites\ath\app\public\wp-load.php(50): require_once()
#1 C:\Users\ssnguna\Local Sites\ath\app\public\wp-admin\admin.php(35): require_once('C:\\Users\\ssngun...')
#2 C:\Users\ssnguna\Local Sites\ath\app\public\wp-admin\plugins.php(10): require_once('C:\\Users\\ssngun...')
#3 {main}
  thrown in C:\Users\ssnguna\Local Sites\ath\app\public\wp-config.php on line 53
[20-Nov-2025 18:31:45 UTC] PHP Fatal error:  Uncaught Error: Call to undefined function add_filter() in C:\Users\ssnguna\Local Sites\ath\app\public\wp-config.php:53
Stack trace:
#0 C:\Users\ssnguna\Local Sites\ath\app\public\wp-load.php(50): require_once()
#1 C:\Users\ssnguna\Local Sites\ath\app\public\wp-blog-header.php(13): require_once('C:\\Users\\ssngun...')
#2 C:\Users\ssnguna\Local Sites\ath\app\public\index.php(17): require('C:\\Users\\ssngun...')
#3 {main}
  thrown in C:\Users\ssnguna\Local Sites\ath\app\public\wp-config.php on line 53
[20-Nov-2025 18:31:45 UTC] PHP Fatal error:  Uncaught Error: Call to undefined function add_filter() in C:\Users\ssnguna\Local Sites\ath\app\public\wp-config.php:53
Stack trace:
#0 C:\Users\ssnguna\Local Sites\ath\app\public\wp-load.php(50): require_once()
#1 C:\Users\ssnguna\Local Sites\ath\app\public\wp-admin\admin.php(35): require_once('C:\\Users\\ssngun...')
#2 C:\Users\ssnguna\Local Sites\ath\app\public\wp-admin\plugin-install.php(16): require_once('C:\\Users\\ssngun...')
#3 {main}
  thrown in C:\Users\ssnguna\Local Sites\ath\app\public\wp-config.php on line 53
[20-Nov-2025 18:31:45 UTC] PHP Fatal error:  Uncaught Error: Call to undefined function add_filter() in C:\Users\ssnguna\Local Sites\ath\app\public\wp-config.php:53
Stack trace:
#0 C:\Users\ssnguna\Local Sites\ath\app\public\wp-load.php(50): require_once()
#1 C:\Users\ssnguna\Local Sites\ath\app\public\wp-blog-header.php(13): require_once('C:\\Users\\ssngun...')
#2 C:\Users\ssnguna\Local Sites\ath\app\public\index.php(17): require('C:\\Users\\ssngun...')
#3 {main}
  thrown in C:\Users\ssnguna\Local Sites\ath\app\public\wp-config.php on line 53
[20-Nov-2025 18:31:45 UTC] PHP Fatal error:  Uncaught Error: Call to undefined function add_filter() in C:\Users\ssnguna\Local Sites\ath\app\public\wp-config.php:53
Stack trace:
#0 C:\Users\ssnguna\Local Sites\ath\app\public\wp-load.php(50): require_once()
#1 C:\Users\ssnguna\Local Sites\ath\app\public\wp-admin\admin.php(35): require_once('C:\\Users\\ssngun...')
#2 C:\Users\ssnguna\Local Sites\ath\app\public\wp-admin\plugins.php(10): require_once('C:\\Users\\ssngun...')
#3 {main}
  thrown in C:\Users\ssnguna\Local Sites\ath\app\public\wp-config.php on line 53
[20-Nov-2025 18:31:45 UTC] PHP Fatal error:  Uncaught Error: Call to undefined function add_filter() in C:\Users\ssnguna\Local Sites\ath\app\public\wp-config.php:53
Stack trace:
#0 C:\Users\ssnguna\Local Sites\ath\app\public\wp-load.php(50): require_once()
#1 C:\Users\ssnguna\Local Sites\ath\app\public\wp-blog-header.php(13): require_once('C:\\Users\\ssngun...')
#2 C:\Users\ssnguna\Local Sites\ath\app\public\index.php(17): require('C:\\Users\\ssngun...')
#3 {main}
  thrown in C:\Users\ssnguna\Local Sites\ath\app\public\wp-config.php on line 53
[20-Nov-2025 18:31:49 UTC] PHP Fatal error:  Uncaught Error: Call to undefined function add_filter() in C:\Users\ssnguna\Local Sites\ath\app\public\wp-config.php:53
Stack trace:
#0 C:\Users\ssnguna\Local Sites\ath\app\public\wp-load.php(50): require_once()
#1 C:\Users\ssnguna\Local Sites\ath\app\public\wp-admin\admin.php(35): require_once('C:\\Users\\ssngun...')
#2 C:\Users\ssnguna\Local Sites\ath\app\public\wp-admin\index.php(10): require_once('C:\\Users\\ssngun...')
#3 {main}
  thrown in C:\Users\ssnguna\Local Sites\ath\app\public\wp-config.php on line 53
[20-Nov-2025 18:31:49 UTC] PHP Fatal error:  Uncaught Error: Call to undefined function add_filter() in C:\Users\ssnguna\Local Sites\ath\app\public\wp-config.php:53
Stack trace:
#0 C:\Users\ssnguna\Local Sites\ath\app\public\wp-load.php(50): require_once()
#1 C:\Users\ssnguna\Local Sites\ath\app\public\wp-blog-header.php(13): require_once('C:\\Users\\ssngun...')
#2 C:\Users\ssnguna\Local Sites\ath\app\public\index.php(17): require('C:\\Users\\ssngun...')
#3 {main}
  thrown in C:\Users\ssnguna\Local Sites\ath\app\public\wp-config.php on line 53
[20-Nov-2025 18:32:10 UTC] PHP Fatal error:  Uncaught Error: Call to undefined function add_filter() in C:\Users\ssnguna\Local Sites\ath\app\public\wp-config.php:53
Stack trace:
#0 C:\Users\ssnguna\Local Sites\ath\app\public\wp-load.php(50): require_once()
#1 C:\Users\ssnguna\Local Sites\ath\app\public\wp-admin\admin-ajax.php(22): require_once('C:\\Users\\ssngun...')
#2 {main}
  thrown in C:\Users\ssnguna\Local Sites\ath\app\public\wp-config.php on line 53
[20-Nov-2025 18:32:24 UTC] PHP Fatal error:  Uncaught Error: Call to undefined function add_filter() in C:\Users\ssnguna\Local Sites\ath\app\public\wp-config.php:53
Stack trace:
#0 C:\Users\ssnguna\Local Sites\ath\app\public\wp-load.php(50): require_once()
#1 C:\Users\ssnguna\Local Sites\ath\app\public\wp-admin\admin-ajax.php(22): require_once('C:\\Users\\ssngun...')
#2 {main}
  thrown in C:\Users\ssnguna\Local Sites\ath\app\public\wp-config.php on line 53
[20-Nov-2025 18:32:54 UTC] PHP Fatal error:  Uncaught Error: Call to undefined function add_filter() in C:\Users\ssnguna\Local Sites\ath\app\public\wp-config.php:62
Stack trace:
#0 C:\Users\ssnguna\Local Sites\ath\app\public\wp-load.php(50): require_once()
#1 C:\Users\ssnguna\Local Sites\ath\app\public\wp-admin\admin.php(35): require_once('C:\\Users\\ssngun...')
#2 C:\Users\ssnguna\Local Sites\ath\app\public\wp-admin\index.php(10): require_once('C:\\Users\\ssngun...')
#3 {main}
  thrown in C:\Users\ssnguna\Local Sites\ath\app\public\wp-config.php on line 62
[20-Nov-2025 18:32:54 UTC] PHP Fatal error:  Uncaught Error: Call to undefined function add_filter() in C:\Users\ssnguna\Local Sites\ath\app\public\wp-config.php:62
Stack trace:
#0 C:\Users\ssnguna\Local Sites\ath\app\public\wp-load.php(50): require_once()
#1 C:\Users\ssnguna\Local Sites\ath\app\public\wp-blog-header.php(13): require_once('C:\\Users\\ssngun...')
#2 C:\Users\ssnguna\Local Sites\ath\app\public\index.php(17): require('C:\\Users\\ssngun...')
#3 {main}
  thrown in C:\Users\ssnguna\Local Sites\ath\app\public\wp-config.php on line 62
[20-Nov-2025 18:32:57 UTC] PHP Fatal error:  Uncaught Error: Call to undefined function add_filter() in C:\Users\ssnguna\Local Sites\ath\app\public\wp-config.php:62
Stack trace:
#0 C:\Users\ssnguna\Local Sites\ath\app\public\wp-load.php(50): require_once()
#1 C:\Users\ssnguna\Local Sites\ath\app\public\wp-admin\admin.php(35): require_once('C:\\Users\\ssngun...')
#2 C:\Users\ssnguna\Local Sites\ath\app\public\wp-admin\index.php(10): require_once('C:\\Users\\ssngun...')
#3 {main}
  thrown in C:\Users\ssnguna\Local Sites\ath\app\public\wp-config.php on line 62
[20-Nov-2025 18:32:57 UTC] PHP Fatal error:  Uncaught Error: Call to undefined function add_filter() in C:\Users\ssnguna\Local Sites\ath\app\public\wp-config.php:62
Stack trace:
#0 C:\Users\ssnguna\Local Sites\ath\app\public\wp-load.php(50): require_once()
#1 C:\Users\ssnguna\Local Sites\ath\app\public\wp-blog-header.php(13): require_once('C:\\Users\\ssngun...')
#2 C:\Users\ssnguna\Local Sites\ath\app\public\index.php(17): require('C:\\Users\\ssngun...')
#3 {main}
  thrown in C:\Users\ssnguna\Local Sites\ath\app\public\wp-config.php on line 62
[20-Nov-2025 18:33:08 UTC] PHP Fatal error:  Uncaught Error: Call to undefined function add_filter() in C:\Users\ssnguna\Local Sites\ath\app\public\wp-config.php:62
Stack trace:
#0 C:\Users\ssnguna\Local Sites\ath\app\public\wp-load.php(50): require_once()
#1 C:\Users\ssnguna\Local Sites\ath\app\public\wp-admin\admin-ajax.php(22): require_once('C:\\Users\\ssngun...')
#2 {main}
  thrown in C:\Users\ssnguna\Local Sites\ath\app\public\wp-config.php on line 62
[20-Nov-2025 18:36:44 UTC] PHP Fatal error:  Uncaught Error: Call to undefined function add_filter() in phar://C:/Users/ssnguna/AppData/Local/Programs/Local/resources/extraResources/bin/wp-cli/wp-cli.phar/vendor/wp-cli/wp-cli/php/WP_CLI/Runner.php(1334) : eval()'d code:61
Stack trace:
#0 phar://C:/Users/ssnguna/AppData/Local/Programs/Local/resources/extraResources/bin/wp-cli/wp-cli.phar/vendor/wp-cli/wp-cli/php/WP_CLI/Runner.php(1334): eval()
#1 phar://C:/Users/ssnguna/AppData/Local/Programs/Local/resources/extraResources/bin/wp-cli/wp-cli.phar/vendor/wp-cli/wp-cli/php/WP_CLI/Runner.php(1293): WP_CLI\Runner->load_wordpress()
#2 phar://C:/Users/ssnguna/AppData/Local/Programs/Local/resources/extraResources/bin/wp-cli/wp-cli.phar/vendor/wp-cli/wp-cli/php/WP_CLI/Bootstrap/LaunchRunner.php(28): WP_CLI\Runner->start()
#3 phar://C:/Users/ssnguna/AppData/Local/Programs/Local/resources/extraResources/bin/wp-cli/wp-cli.phar/vendor/wp-cli/wp-cli/php/bootstrap.php(84): WP_CLI\Bootstrap\LaunchRunner->process(Object(WP_CLI\Bootstrap\BootstrapState))
#4 phar://C:/Users/ssnguna/AppData/Local/Programs/Local/resources/extraResources/bin/wp-cli/wp-cli.phar/vendor/wp-cli/wp-cli/php/wp-cli.php(35): WP_CLI\bootstrap()
#5 phar://C:/Users/ssnguna/AppData/Local/Programs/Local/resources/extraResources/bin/wp-cli/wp-cli.phar/php/boot-phar.php(20): include('phar://C:/Users...')
#6 C:\Users\ssnguna\AppData\Local\Programs\Local\resources\extraResources\bin\wp-cli\wp-cli.phar(4): include('phar://C:/Users...')
#7 {main}
  thrown in phar://C:/Users/ssnguna/AppData/Local/Programs/Local/resources/extraResources/bin/wp-cli/wp-cli.phar/vendor/wp-cli/wp-cli/php/WP_CLI/Runner.php(1334) : eval()'d code on line 61
[20-Nov-2025 18:36:44 UTC] PHP Fatal error:  Uncaught Error: Call to undefined function add_filter() in phar://C:/Users/ssnguna/AppData/Local/Programs/Local/resources/extraResources/bin/wp-cli/wp-cli.phar/vendor/wp-cli/wp-cli/php/WP_CLI/Runner.php(1334) : eval()'d code:61
Stack trace:
#0 phar://C:/Users/ssnguna/AppData/Local/Programs/Local/resources/extraResources/bin/wp-cli/wp-cli.phar/vendor/wp-cli/wp-cli/php/WP_CLI/Runner.php(1334): eval()
#1 phar://C:/Users/ssnguna/AppData/Local/Programs/Local/resources/extraResources/bin/wp-cli/wp-cli.phar/vendor/wp-cli/wp-cli/php/WP_CLI/Runner.php(1293): WP_CLI\Runner->load_wordpress()
#2 phar://C:/Users/ssnguna/AppData/Local/Programs/Local/resources/extraResources/bin/wp-cli/wp-cli.phar/vendor/wp-cli/wp-cli/php/WP_CLI/Bootstrap/LaunchRunner.php(28): WP_CLI\Runner->start()
#3 phar://C:/Users/ssnguna/AppData/Local/Programs/Local/resources/extraResources/bin/wp-cli/wp-cli.phar/vendor/wp-cli/wp-cli/php/bootstrap.php(84): WP_CLI\Bootstrap\LaunchRunner->process(Object(WP_CLI\Bootstrap\BootstrapState))
#4 phar://C:/Users/ssnguna/AppData/Local/Programs/Local/resources/extraResources/bin/wp-cli/wp-cli.phar/vendor/wp-cli/wp-cli/php/wp-cli.php(35): WP_CLI\bootstrap()
#5 phar://C:/Users/ssnguna/AppData/Local/Programs/Local/resources/extraResources/bin/wp-cli/wp-cli.phar/php/boot-phar.php(20): include('phar://C:/Users...')
#6 C:\Users\ssnguna\AppData\Local\Programs\Local\resources\extraResources\bin\wp-cli\wp-cli.phar(4): include('phar://C:/Users...')
#7 {main}
  thrown in phar://C:/Users/ssnguna/AppData/Local/Programs/Local/resources/extraResources/bin/wp-cli/wp-cli.phar/vendor/wp-cli/wp-cli/php/WP_CLI/Runner.php(1334) : eval()'d code on line 61
[20-Nov-2025 18:36:44 UTC] PHP Fatal error:  Uncaught Error: Call to undefined function add_filter() in phar://C:/Users/ssnguna/AppData/Local/Programs/Local/resources/extraResources/bin/wp-cli/wp-cli.phar/vendor/wp-cli/wp-cli/php/WP_CLI/Runner.php(1334) : eval()'d code:61
Stack trace:
#0 phar://C:/Users/ssnguna/AppData/Local/Programs/Local/resources/extraResources/bin/wp-cli/wp-cli.phar/vendor/wp-cli/wp-cli/php/WP_CLI/Runner.php(1334): eval()
#1 phar://C:/Users/ssnguna/AppData/Local/Programs/Local/resources/extraResources/bin/wp-cli/wp-cli.phar/vendor/wp-cli/wp-cli/php/WP_CLI/Runner.php(1293): WP_CLI\Runner->load_wordpress()
#2 phar://C:/Users/ssnguna/AppData/Local/Programs/Local/resources/extraResources/bin/wp-cli/wp-cli.phar/vendor/wp-cli/wp-cli/php/WP_CLI/Bootstrap/LaunchRunner.php(28): WP_CLI\Runner->start()
#3 phar://C:/Users/ssnguna/AppData/Local/Programs/Local/resources/extraResources/bin/wp-cli/wp-cli.phar/vendor/wp-cli/wp-cli/php/bootstrap.php(84): WP_CLI\Bootstrap\LaunchRunner->process(Object(WP_CLI\Bootstrap\BootstrapState))
#4 phar://C:/Users/ssnguna/AppData/Local/Programs/Local/resources/extraResources/bin/wp-cli/wp-cli.phar/vendor/wp-cli/wp-cli/php/wp-cli.php(35): WP_CLI\bootstrap()
#5 phar://C:/Users/ssnguna/AppData/Local/Programs/Local/resources/extraResources/bin/wp-cli/wp-cli.phar/php/boot-phar.php(20): include('phar://C:/Users...')
#6 C:\Users\ssnguna\AppData\Local\Programs\Local\resources\extraResources\bin\wp-cli\wp-cli.phar(4): include('phar://C:/Users...')
#7 {main}
  thrown in phar://C:/Users/ssnguna/AppData/Local/Programs/Local/resources/extraResources/bin/wp-cli/wp-cli.phar/vendor/wp-cli/wp-cli/php/WP_CLI/Runner.php(1334) : eval()'d code on line 61
[20-Nov-2025 18:36:47 UTC] PHP Fatal error:  Uncaught Error: Call to undefined function add_filter() in phar://C:/Users/ssnguna/AppData/Local/Programs/Local/resources/extraResources/bin/wp-cli/wp-cli.phar/vendor/wp-cli/wp-cli/php/WP_CLI/Runner.php(1334) : eval()'d code:61
Stack trace:
#0 phar://C:/Users/ssnguna/AppData/Local/Programs/Local/resources/extraResources/bin/wp-cli/wp-cli.phar/vendor/wp-cli/wp-cli/php/WP_CLI/Runner.php(1334): eval()
#1 phar://C:/Users/ssnguna/AppData/Local/Programs/Local/resources/extraResources/bin/wp-cli/wp-cli.phar/vendor/wp-cli/wp-cli/php/WP_CLI/Runner.php(1293): WP_CLI\Runner->load_wordpress()
#2 phar://C:/Users/ssnguna/AppData/Local/Programs/Local/resources/extraResources/bin/wp-cli/wp-cli.phar/vendor/wp-cli/wp-cli/php/WP_CLI/Bootstrap/LaunchRunner.php(28): WP_CLI\Runner->start()
#3 phar://C:/Users/ssnguna/AppData/Local/Programs/Local/resources/extraResources/bin/wp-cli/wp-cli.phar/vendor/wp-cli/wp-cli/php/bootstrap.php(84): WP_CLI\Bootstrap\LaunchRunner->process(Object(WP_CLI\Bootstrap\BootstrapState))
#4 phar://C:/Users/ssnguna/AppData/Local/Programs/Local/resources/extraResources/bin/wp-cli/wp-cli.phar/vendor/wp-cli/wp-cli/php/wp-cli.php(35): WP_CLI\bootstrap()
#5 phar://C:/Users/ssnguna/AppData/Local/Programs/Local/resources/extraResources/bin/wp-cli/wp-cli.phar/php/boot-phar.php(20): include('phar://C:/Users...')
#6 C:\Users\ssnguna\AppData\Local\Programs\Local\resources\extraResources\bin\wp-cli\wp-cli.phar(4): include('phar://C:/Users...')
#7 {main}
  thrown in phar://C:/Users/ssnguna/AppData/Local/Programs/Local/resources/extraResources/bin/wp-cli/wp-cli.phar/vendor/wp-cli/wp-cli/php/WP_CLI/Runner.php(1334) : eval()'d code on line 61
[20-Nov-2025 18:36:48 UTC] PHP Fatal error:  Uncaught Error: Call to undefined function add_filter() in phar://C:/Users/ssnguna/AppData/Local/Programs/Local/resources/extraResources/bin/wp-cli/wp-cli.phar/vendor/wp-cli/wp-cli/php/WP_CLI/Runner.php(1334) : eval()'d code:61
Stack trace:
#0 phar://C:/Users/ssnguna/AppData/Local/Programs/Local/resources/extraResources/bin/wp-cli/wp-cli.phar/vendor/wp-cli/wp-cli/php/WP_CLI/Runner.php(1334): eval()
#1 phar://C:/Users/ssnguna/AppData/Local/Programs/Local/resources/extraResources/bin/wp-cli/wp-cli.phar/vendor/wp-cli/wp-cli/php/WP_CLI/Runner.php(1293): WP_CLI\Runner->load_wordpress()
#2 phar://C:/Users/ssnguna/AppData/Local/Programs/Local/resources/extraResources/bin/wp-cli/wp-cli.phar/vendor/wp-cli/wp-cli/php/WP_CLI/Bootstrap/LaunchRunner.php(28): WP_CLI\Runner->start()
#3 phar://C:/Users/ssnguna/AppData/Local/Programs/Local/resources/extraResources/bin/wp-cli/wp-cli.phar/vendor/wp-cli/wp-cli/php/bootstrap.php(84): WP_CLI\Bootstrap\LaunchRunner->process(Object(WP_CLI\Bootstrap\BootstrapState))
#4 phar://C:/Users/ssnguna/AppData/Local/Programs/Local/resources/extraResources/bin/wp-cli/wp-cli.phar/vendor/wp-cli/wp-cli/php/wp-cli.php(35): WP_CLI\bootstrap()
#5 phar://C:/Users/ssnguna/AppData/Local/Programs/Local/resources/extraResources/bin/wp-cli/wp-cli.phar/php/boot-phar.php(20): include('phar://C:/Users...')
#6 C:\Users\ssnguna\AppData\Local\Programs\Local\resources\extraResources\bin\wp-cli\wp-cli.phar(4): include('phar://C:/Users...')
#7 {main}
  thrown in phar://C:/Users/ssnguna/AppData/Local/Programs/Local/resources/extraResources/bin/wp-cli/wp-cli.phar/vendor/wp-cli/wp-cli/php/WP_CLI/Runner.php(1334) : eval()'d code on line 61
[20-Nov-2025 18:36:48 UTC] PHP Fatal error:  Uncaught Error: Call to undefined function add_filter() in phar://C:/Users/ssnguna/AppData/Local/Programs/Local/resources/extraResources/bin/wp-cli/wp-cli.phar/vendor/wp-cli/wp-cli/php/WP_CLI/Runner.php(1334) : eval()'d code:61
Stack trace:
#0 phar://C:/Users/ssnguna/AppData/Local/Programs/Local/resources/extraResources/bin/wp-cli/wp-cli.phar/vendor/wp-cli/wp-cli/php/WP_CLI/Runner.php(1334): eval()
#1 phar://C:/Users/ssnguna/AppData/Local/Programs/Local/resources/extraResources/bin/wp-cli/wp-cli.phar/vendor/wp-cli/eval-command/src/Eval_Command.php(36): WP_CLI\Runner->load_wordpress()
#2 [internal function]: Eval_Command->__invoke(Array, Array)
#3 phar://C:/Users/ssnguna/AppData/Local/Programs/Local/resources/extraResources/bin/wp-cli/wp-cli.phar/vendor/wp-cli/wp-cli/php/WP_CLI/Dispatcher/CommandFactory.php(100): call_user_func(Array, Array, Array)
#4 [internal function]: WP_CLI\Dispatcher\CommandFactory::WP_CLI\Dispatcher\{closure}(Array, Array)
#5 phar://C:/Users/ssnguna/AppData/Local/Programs/Local/resources/extraResources/bin/wp-cli/wp-cli.phar/vendor/wp-cli/wp-cli/php/WP_CLI/Dispatcher/Subcommand.php(497): call_user_func(Object(Closure), Array, Array)
#6 phar://C:/Users/ssnguna/AppData/Local/Programs/Local/resources/extraResources/bin/wp-cli/wp-cli.phar/vendor/wp-cli/wp-cli/php/WP_CLI/Runner.php(470): WP_CLI\Dispatcher\Subcommand->invoke(Array, Array, Array)
#7 phar://C:/Users/ssnguna/AppData/Local/Programs/Local/resources/extraResources/bin/wp-cli/wp-cli.phar/vendor/wp-cli/wp-cli/php/WP_CLI/Runner.php(493): WP_CLI\Runner->run_command(Array, Array)
#8 phar://C:/Users/ssnguna/AppData/Local/Programs/Local/resources/extraResources/bin/wp-cli/wp-cli.phar/vendor/wp-cli/wp-cli/php/WP_CLI/Runner.php(136): WP_CLI\Runner->run_command_and_exit()
#9 phar://C:/Users/ssnguna/AppData/Local/Programs/Local/resources/extraResources/bin/wp-cli/wp-cli.phar/vendor/wp-cli/wp-cli/php/WP_CLI/Runner.php(1228): WP_CLI\Runner->do_early_invoke('before_wp_load')
#10 phar://C:/Users/ssnguna/AppData/Local/Programs/Local/resources/extraResources/bin/wp-cli/wp-cli.phar/vendor/wp-cli/wp-cli/php/WP_CLI/Bootstrap/LaunchRunner.php(28): WP_CLI\Runner->start()
#11 phar://C:/Users/ssnguna/AppData/Local/Programs/Local/resources/extraResources/bin/wp-cli/wp-cli.phar/vendor/wp-cli/wp-cli/php/bootstrap.php(84): WP_CLI\Bootstrap\LaunchRunner->process(Object(WP_CLI\Bootstrap\BootstrapState))
#12 phar://C:/Users/ssnguna/AppData/Local/Programs/Local/resources/extraResources/bin/wp-cli/wp-cli.phar/vendor/wp-cli/wp-cli/php/wp-cli.php(35): WP_CLI\bootstrap()
#13 phar://C:/Users/ssnguna/AppData/Local/Programs/Local/resources/extraResources/bin/wp-cli/wp-cli.phar/php/boot-phar.php(20): include('phar://C:/Users...')
#14 C:\Users\ssnguna\AppData\Local\Programs\Local\resources\extraResources\bin\wp-cli\wp-cli.phar(4): include('phar://C:/Users...')
#15 {main}
  thrown in phar://C:/Users/ssnguna/AppData/Local/Programs/Local/resources/extraResources/bin/wp-cli/wp-cli.phar/vendor/wp-cli/wp-cli/php/WP_CLI/Runner.php(1334) : eval()'d code on line 61
[20-Nov-2025 18:36:48 UTC] PHP Fatal error:  Uncaught Error: Call to undefined function add_filter() in phar://C:/Users/ssnguna/AppData/Local/Programs/Local/resources/extraResources/bin/wp-cli/wp-cli.phar/vendor/wp-cli/wp-cli/php/WP_CLI/Runner.php(1334) : eval()'d code:61
Stack trace:
#0 phar://C:/Users/ssnguna/AppData/Local/Programs/Local/resources/extraResources/bin/wp-cli/wp-cli.phar/vendor/wp-cli/wp-cli/php/WP_CLI/Runner.php(1334): eval()
#1 phar://C:/Users/ssnguna/AppData/Local/Programs/Local/resources/extraResources/bin/wp-cli/wp-cli.phar/vendor/wp-cli/wp-cli/php/WP_CLI/Runner.php(1293): WP_CLI\Runner->load_wordpress()
#2 phar://C:/Users/ssnguna/AppData/Local/Programs/Local/resources/extraResources/bin/wp-cli/wp-cli.phar/vendor/wp-cli/wp-cli/php/WP_CLI/Bootstrap/LaunchRunner.php(28): WP_CLI\Runner->start()
#3 phar://C:/Users/ssnguna/AppData/Local/Programs/Local/resources/extraResources/bin/wp-cli/wp-cli.phar/vendor/wp-cli/wp-cli/php/bootstrap.php(84): WP_CLI\Bootstrap\LaunchRunner->process(Object(WP_CLI\Bootstrap\BootstrapState))
#4 phar://C:/Users/ssnguna/AppData/Local/Programs/Local/resources/extraResources/bin/wp-cli/wp-cli.phar/vendor/wp-cli/wp-cli/php/wp-cli.php(35): WP_CLI\bootstrap()
#5 phar://C:/Users/ssnguna/AppData/Local/Programs/Local/resources/extraResources/bin/wp-cli/wp-cli.phar/php/boot-phar.php(20): include('phar://C:/Users...')
#6 C:\Users\ssnguna\AppData\Local\Programs\Local\resources\extraResources\bin\wp-cli\wp-cli.phar(4): include('phar://C:/Users...')
#7 {main}
  thrown in phar://C:/Users/ssnguna/AppData/Local/Programs/Local/resources/extraResources/bin/wp-cli/wp-cli.phar/vendor/wp-cli/wp-cli/php/WP_CLI/Runner.php(1334) : eval()'d code on line 61
[20-Nov-2025 18:36:50 UTC] PHP Fatal error:  Uncaught Error: Call to undefined function add_filter() in C:\Users\ssnguna\Local Sites\ath\app\public\wp-config.php:62
Stack trace:
#0 C:\Users\ssnguna\Local Sites\ath\app\public\wp-load.php(50): require_once()
#1 C:\Users\ssnguna\Local Sites\ath\app\public\wp-admin\admin.php(35): require_once('C:\\Users\\ssngun...')
#2 C:\Users\ssnguna\Local Sites\ath\app\public\wp-admin\index.php(10): require_once('C:\\Users\\ssngun...')
#3 {main}
  thrown in C:\Users\ssnguna\Local Sites\ath\app\public\wp-config.php on line 62
[20-Nov-2025 18:36:50 UTC] PHP Fatal error:  Uncaught Error: Call to undefined function add_filter() in C:\Users\ssnguna\Local Sites\ath\app\public\wp-config.php:62
Stack trace:
#0 C:\Users\ssnguna\Local Sites\ath\app\public\wp-load.php(50): require_once()
#1 C:\Users\ssnguna\Local Sites\ath\app\public\wp-blog-header.php(13): require_once('C:\\Users\\ssngun...')
#2 C:\Users\ssnguna\Local Sites\ath\app\public\index.php(17): require('C:\\Users\\ssngun...')
#3 {main}
  thrown in C:\Users\ssnguna\Local Sites\ath\app\public\wp-config.php on line 62
[20-Nov-2025 18:47:35 UTC] PHP Fatal error:  Uncaught Error: Call to undefined function add_filter() in C:\Users\ssnguna\Local Sites\ath\app\public\wp-config.php:56
Stack trace:
#0 C:\Users\ssnguna\Local Sites\ath\app\public\wp-load.php(50): require_once()
#1 C:\Users\ssnguna\Local Sites\ath\app\public\wp-admin\admin-ajax.php(22): require_once('C:\\Users\\ssngun...')
#2 {main}
  thrown in C:\Users\ssnguna\Local Sites\ath\app\public\wp-config.php on line 56
[20-Nov-2025 18:47:56 UTC] PHP Fatal error:  Uncaught Error: Call to undefined function add_filter() in C:\Users\ssnguna\Local Sites\ath\app\public\wp-config.php:56
Stack trace:
#0 C:\Users\ssnguna\Local Sites\ath\app\public\wp-load.php(50): require_once()
#1 C:\Users\ssnguna\Local Sites\ath\app\public\wp-admin\admin.php(35): require_once('C:\\Users\\ssngun...')
#2 C:\Users\ssnguna\Local Sites\ath\app\public\wp-admin\edit.php(10): require_once('C:\\Users\\ssngun...')
#3 {main}
  thrown in C:\Users\ssnguna\Local Sites\ath\app\public\wp-config.php on line 56
[20-Nov-2025 18:47:56 UTC] PHP Fatal error:  Uncaught Error: Call to undefined function add_filter() in C:\Users\ssnguna\Local Sites\ath\app\public\wp-config.php:56
Stack trace:
#0 C:\Users\ssnguna\Local Sites\ath\app\public\wp-load.php(50): require_once()
#1 C:\Users\ssnguna\Local Sites\ath\app\public\wp-blog-header.php(13): require_once('C:\\Users\\ssngun...')
#2 C:\Users\ssnguna\Local Sites\ath\app\public\index.php(17): require('C:\\Users\\ssngun...')
#3 {main}
  thrown in C:\Users\ssnguna\Local Sites\ath\app\public\wp-config.php on line 56
[20-Nov-2025 18:48:05 UTC] PHP Fatal error:  Uncaught Error: Call to undefined function add_filter() in C:\Users\ssnguna\Local Sites\ath\app\public\wp-config.php:56
Stack trace:
#0 C:\Users\ssnguna\Local Sites\ath\app\public\wp-load.php(50): require_once()
#1 C:\Users\ssnguna\Local Sites\ath\app\public\wp-admin\admin-ajax.php(22): require_once('C:\\Users\\ssngun...')
#2 {main}
  thrown in C:\Users\ssnguna\Local Sites\ath\app\public\wp-config.php on line 56
